<?xml version="1.0" encoding="UTF-8"?>
<!-- Generated by org.testng.reporters.JUnitReportReporter -->
<testsuite hostname="A2ML22163" name="example.NewTest" tests="5" failures="0" timestamp="10 Oct 2018 09:54:45 GMT" time="22.596" errors="0">
  <testcase name="invokebrowser" time="13.297" classname="example.NewTest"/>
  <testcase name="navigatebackword" time="1.284" classname="example.NewTest"/>
  <testcase name="transferfunds" time="2.440" classname="example.NewTest"/>
  <testcase name="login" time="3.802" classname="example.NewTest"/>
  <testcase name="onlinebanking" time="1.773" classname="example.NewTest"/>
</testsuite> <!-- example.NewTest -->
