<?xml version="1.0" encoding="UTF-8"?>
<!-- Generated by org.testng.reporters.JUnitReportReporter -->
<testsuite hostname="A2ML22163" name="com.extentreport.BasicExtentReport" tests="4" failures="0" timestamp="16 Oct 2018 09:15:47 GMT" time="27.953" errors="0">
  <testcase name="invokebrowser" time="12.975" classname="com.extentreport.BasicExtentReport"/>
  <testcase name="fundtransfer" time="0.020" classname="com.extentreport.BasicExtentReport"/>
  <testcase name="login" time="14.947" classname="com.extentreport.BasicExtentReport"/>
  <testcase name="paybills" time="0.011" classname="com.extentreport.BasicExtentReport"/>
</testsuite> <!-- com.extentreport.BasicExtentReport -->
