<?xml version="1.0" encoding="UTF-8"?>
<!-- Generated by org.testng.reporters.JUnitReportReporter -->
<testsuite hostname="A2ML22163" name="example.NewTest" tests="5" failures="0" timestamp="10 Oct 2018 07:31:57 GMT" time="23.269" errors="0">
  <testcase name="testEasy" time="15.718" classname="example.NewTest"/>
  <testcase name="login" time="3.120" classname="example.NewTest"/>
  <testcase name="onlinebanking" time="1.440" classname="example.NewTest"/>
  <testcase name="transferfunds" time="2.373" classname="example.NewTest"/>
  <testcase name="navigatebackword" time="0.618" classname="example.NewTest"/>
</testsuite> <!-- example.NewTest -->
