<?xml version="1.0" encoding="UTF-8"?>
<!-- Generated by org.testng.reporters.JUnitReportReporter -->
<testsuite hostname="A2ML22163" name="ExtentReport.ExtentReportsEx" tests="7" failures="0" timestamp="26 Oct 2018 08:00:49 GMT" time="123.602" errors="0">
  <testcase name="invokebrowser1" time="15.000" classname="ExtentReport.ExtentReportsEx"/>
  <testcase name="executSessionThree" time="25.048" classname="ExtentReport.ExtentReportsEx"/>
  <testcase name="executSessionOne" time="34.939" classname="ExtentReport.ExtentReportsEx"/>
  <testcase name="paybills" time="0.004" classname="ExtentReport.ExtentReportsEx"/>
  <testcase name="fundtransfer" time="0.039" classname="ExtentReport.ExtentReportsEx"/>
  <testcase name="login1" time="17.775" classname="ExtentReport.ExtentReportsEx"/>
  <testcase name="executeSessionTwo" time="30.797" classname="ExtentReport.ExtentReportsEx"/>
</testsuite> <!-- ExtentReport.ExtentReportsEx -->
