<?xml version="1.0" encoding="UTF-8"?>
<!-- Generated by org.testng.reporters.JUnitReportReporter -->
<testsuite hostname="A2ML22163" name="example.transferfunds" tests="5" failures="0" timestamp="15 Oct 2018 07:23:07 GMT" time="31.752" errors="0">
  <testcase name="onlinebanking" time="2.124" classname="example.transferfunds"/>
  <testcase name="invokebrowser" time="12.789" classname="example.transferfunds"/>
  <testcase name="navigatebackword" time="11.136" classname="example.transferfunds"/>
  <testcase name="login" time="2.947" classname="example.transferfunds"/>
  <testcase name="transferfunds" time="2.756" classname="example.transferfunds"/>
</testsuite> <!-- example.transferfunds -->
