<?xml version="1.0" encoding="UTF-8"?>
<!-- Generated by org.testng.reporters.JUnitReportReporter -->
<testsuite hostname="A2ML22163" name="example.transferfunds" tests="5" failures="0" timestamp="15 Oct 2018 06:49:10 GMT" time="32.217" errors="0">
  <testcase name="login" time="2.289" classname="example.transferfunds"/>
  <testcase name="navigatebackword" time="10.693" classname="example.transferfunds"/>
  <testcase name="transferfunds" time="2.150" classname="example.transferfunds"/>
  <testcase name="invokebrowser" time="15.337" classname="example.transferfunds"/>
  <testcase name="onlinebanking" time="1.748" classname="example.transferfunds"/>
</testsuite> <!-- example.transferfunds -->
