<?xml version="1.0" encoding="UTF-8"?>
<!-- Generated by org.testng.reporters.JUnitReportReporter -->
<testsuite hostname="A2ML22163" name="example.NewTest" tests="2" failures="0" timestamp="10 Oct 2018 07:00:43 GMT" time="15.573" errors="0">
  <testcase name="testEasy" time="12.629" classname="example.NewTest"/>
  <testcase name="login" time="2.944" classname="example.NewTest"/>
</testsuite> <!-- example.NewTest -->
