<?xml version="1.0" encoding="UTF-8"?>
<!-- Generated by org.testng.reporters.JUnitReportReporter -->
<testsuite hostname="A2ML22163" name="example.transferfunds" tests="5" failures="0" timestamp="6 Mar 2019 06:16:01 GMT" time="45.121" errors="0">
  <testcase name="transferfunds" time="7.578" classname="example.transferfunds"/>
  <testcase name="invokebrowser" time="18.724" classname="example.transferfunds"/>
  <testcase name="onlinebanking" time="2.983" classname="example.transferfunds"/>
  <testcase name="login" time="4.827" classname="example.transferfunds"/>
  <testcase name="navigatebackword" time="11.009" classname="example.transferfunds"/>
</testsuite> <!-- example.transferfunds -->
