<?xml version="1.0" encoding="UTF-8"?>
<!-- Generated by org.testng.reporters.JUnitReportReporter -->
<testsuite hostname="A2ML22163" name="example.UplodeFile" tests="1" failures="0" timestamp="15 Feb 2019 07:14:33 GMT" time="84.477" errors="0">
  <testcase name="UploadFileUsingSendKeys" time="84.477" classname="example.UplodeFile"/>
</testsuite> <!-- example.UplodeFile -->
