<?xml version="1.0" encoding="UTF-8"?>
<!-- Generated by org.testng.reporters.JUnitReportReporter -->
<testsuite hostname="A2ML22163" name="example.Paybills" tests="5" failures="0" timestamp="15 Oct 2018 07:23:07 GMT" time="40.945" errors="0">
  <testcase name="navigatebackword" time="10.726" classname="example.Paybills"/>
  <testcase name="paybills1" time="14.339" classname="example.Paybills"/>
  <testcase name="onlinebanking" time="1.041" classname="example.Paybills"/>
  <testcase name="paybills" time="12.709" classname="example.Paybills"/>
  <testcase name="login" time="2.130" classname="example.Paybills"/>
</testsuite> <!-- example.Paybills -->
