<?xml version="1.0" encoding="UTF-8"?>
<!-- Generated by org.testng.reporters.JUnitReportReporter -->
<testsuite hostname="A2ML22163" name="example.transferfunds" tests="5" failures="0" timestamp="11 Oct 2018 10:15:08 GMT" time="35.639" errors="0">
  <testcase name="navigatebackword" time="10.695" classname="example.transferfunds"/>
  <testcase name="login" time="5.704" classname="example.transferfunds"/>
  <testcase name="invokebrowser" time="15.307" classname="example.transferfunds"/>
  <testcase name="onlinebanking" time="1.142" classname="example.transferfunds"/>
  <testcase name="transferfunds" time="2.791" classname="example.transferfunds"/>
</testsuite> <!-- example.transferfunds -->
