<?xml version="1.0" encoding="UTF-8"?>
<!-- Generated by org.testng.reporters.JUnitReportReporter -->
<testsuite hostname="A2ML22163" name="example.NewTest" tests="5" failures="0" timestamp="11 Oct 2018 07:54:46 GMT" time="31.252" errors="0">
  <testcase name="onlinebanking" time="2.323" classname="example.NewTest"/>
  <testcase name="transferfunds" time="2.136" classname="example.NewTest"/>
  <testcase name="login" time="3.258" classname="example.NewTest"/>
  <testcase name="invokebrowser" time="12.827" classname="example.NewTest"/>
  <testcase name="navigatebackword" time="10.708" classname="example.NewTest"/>
</testsuite> <!-- example.NewTest -->
