<?xml version="1.0" encoding="UTF-8"?>
<!-- Generated by org.testng.reporters.JUnitReportReporter -->
<testsuite hostname="A2ML22163" name="ExtentReport.ExtentReportsEx" tests="7" failures="0" timestamp="23 Oct 2018 07:16:54 GMT" time="130.670" errors="0">
  <testcase name="executSessionThree" time="24.093" classname="ExtentReport.ExtentReportsEx"/>
  <testcase name="invokebrowser1" time="13.319" classname="ExtentReport.ExtentReportsEx"/>
  <testcase name="login1" time="14.465" classname="ExtentReport.ExtentReportsEx"/>
  <testcase name="fundtransfer" time="0.032" classname="ExtentReport.ExtentReportsEx"/>
  <testcase name="paybills" time="0.003" classname="ExtentReport.ExtentReportsEx"/>
  <testcase name="executSessionOne" time="35.051" classname="ExtentReport.ExtentReportsEx"/>
  <testcase name="executeSessionTwo" time="43.707" classname="ExtentReport.ExtentReportsEx"/>
</testsuite> <!-- ExtentReport.ExtentReportsEx -->
