<?xml version="1.0" encoding="UTF-8"?>
<!-- Generated by org.testng.reporters.JUnitReportReporter -->
<testsuite hostname="A2ML22163" name="example.NewTest" tests="2" failures="0" timestamp="10 Oct 2018 06:58:08 GMT" time="24.937" errors="0">
  <testcase name="testEasy" time="18.679" classname="example.NewTest"/>
  <testcase name="login" time="6.258" classname="example.NewTest"/>
</testsuite> <!-- example.NewTest -->
