<?xml version="1.0" encoding="UTF-8"?>
<!-- Generated by org.testng.reporters.JUnitReportReporter -->
<testsuite hostname="A2ML22163" name="example.NewTest" tests="2" failures="0" timestamp="8 Oct 2018 03:48:43 GMT" time="13.359" errors="0">
  <testcase name="testvalidate" time="0.012" classname="example.NewTest"/>
  <testcase name="testEasy" time="13.347" classname="example.NewTest"/>
</testsuite> <!-- example.NewTest -->
