<?xml version="1.0" encoding="UTF-8"?>
<!-- Generated by org.testng.reporters.JUnitReportReporter -->
<testsuite hostname="A2ML22163" name="example.NewTest" tests="5" failures="0" timestamp="11 Oct 2018 10:15:08 GMT" time="36.875" errors="0">
  <testcase name="login" time="6.615" classname="example.NewTest"/>
  <testcase name="transferfunds" time="2.423" classname="example.NewTest"/>
  <testcase name="invokebrowser" time="15.425" classname="example.NewTest"/>
  <testcase name="onlinebanking" time="1.642" classname="example.NewTest"/>
  <testcase name="navigatebackword" time="10.770" classname="example.NewTest"/>
</testsuite> <!-- example.NewTest -->
