<?xml version="1.0" encoding="UTF-8"?>
<!-- Generated by org.testng.reporters.JUnitReportReporter -->
<testsuite hostname="A2ML22163" name="example.NewTest" tests="10" failures="0" timestamp="15 Oct 2018 07:23:07 GMT" time="75.248" errors="0">
  <testcase name="navigatebackword" time="10.653" classname="example.NewTest"/>
  <testcase name="navigatebackword" time="10.743" classname="example.NewTest"/>
  <testcase name="transferfunds" time="2.559" classname="example.NewTest"/>
  <testcase name="invokebrowser" time="14.384" classname="example.NewTest"/>
  <testcase name="login" time="16.381" classname="example.NewTest"/>
  <testcase name="login" time="2.591" classname="example.NewTest"/>
  <testcase name="transferfunds" time="2.241" classname="example.NewTest"/>
  <testcase name="invokebrowser" time="12.707" classname="example.NewTest"/>
  <testcase name="onlinebanking" time="1.919" classname="example.NewTest"/>
  <testcase name="onlinebanking" time="1.070" classname="example.NewTest"/>
</testsuite> <!-- example.NewTest -->
