<?xml version="1.0" encoding="UTF-8"?>
<!-- Generated by org.testng.reporters.JUnitReportReporter -->
<testsuite hostname="A2ML22163" name="example.NewTest" tests="2" failures="0" timestamp="18 Sep 2018 05:08:12 GMT" time="34.148" errors="0">
  <testcase name="testEasy" time="34.016" classname="example.NewTest"/>
  <testcase name="testvalidate" time="0.132" classname="example.NewTest"/>
</testsuite> <!-- example.NewTest -->
