<?xml version="1.0" encoding="UTF-8"?>
<!-- Generated by org.testng.reporters.JUnitReportReporter -->
<testsuite hostname="A2ML22163" name="example.NewTest" tests="1" failures="0" timestamp="5 Oct 2018 03:52:32 GMT" time="19.071" errors="0">
  <testcase name="testEasy" time="19.071" classname="example.NewTest"/>
</testsuite> <!-- example.NewTest -->
