<?xml version="1.0" encoding="UTF-8"?>
<!-- Generated by org.testng.reporters.JUnitReportReporter -->
<testsuite hostname="A2ML22163" name="example.NewTest" tests="5" failures="0" timestamp="11 Oct 2018 06:34:05 GMT" time="45.096" errors="0">
  <testcase name="onlinebanking" time="0.533" classname="example.NewTest"/>
  <testcase name="navigatebackword" time="0.684" classname="example.NewTest"/>
  <testcase name="invokebrowser" time="15.690" classname="example.NewTest"/>
  <testcase name="transferfunds" time="24.473" classname="example.NewTest"/>
  <testcase name="login" time="3.716" classname="example.NewTest"/>
</testsuite> <!-- example.NewTest -->
