<?xml version="1.0" encoding="UTF-8"?>
<!-- Generated by org.testng.reporters.JUnitReportReporter -->
<testsuite hostname="A2ML22163" name="example.NewTest" tests="2" failures="0" timestamp="10 Oct 2018 07:02:37 GMT" time="18.904" errors="0">
  <testcase name="login" time="3.168" classname="example.NewTest"/>
  <testcase name="testEasy" time="15.736" classname="example.NewTest"/>
</testsuite> <!-- example.NewTest -->
