<?xml version="1.0" encoding="UTF-8"?>
<!-- Generated by org.testng.reporters.JUnitReportReporter -->
<testsuite hostname="A2ML22163" name="example.NewTest" tests="2" failures="0" timestamp="18 Sep 2018 05:13:34 GMT" time="12.236" errors="0">
  <testcase name="testvalidate" time="0.139" classname="example.NewTest"/>
  <testcase name="testEasy" time="12.097" classname="example.NewTest"/>
</testsuite> <!-- example.NewTest -->
