<?xml version="1.0" encoding="UTF-8"?>
<!-- Generated by org.testng.reporters.JUnitReportReporter -->
<testsuite hostname="A2ML22163" name="example.NewTest" tests="5" failures="0" timestamp="16 Oct 2018 12:04:18 GMT" time="54.269" errors="0">
  <testcase name="transferfunds" time="5.341" classname="example.NewTest"/>
  <testcase name="navigatebackword" time="14.143" classname="example.NewTest"/>
  <testcase name="invokebrowser" time="20.783" classname="example.NewTest"/>
  <testcase name="onlinebanking" time="5.354" classname="example.NewTest"/>
  <testcase name="login" time="8.648" classname="example.NewTest"/>
</testsuite> <!-- example.NewTest -->
