<?xml version="1.0" encoding="UTF-8"?>
<!-- Generated by org.testng.reporters.JUnitReportReporter -->
<testsuite hostname="A2ML22163" name="example.NewTest" tests="5" failures="0" timestamp="17 Oct 2018 06:16:40 GMT" time="34.963" errors="0">
  <testcase name="transferfunds" time="2.443" classname="example.NewTest"/>
  <testcase name="navigatebackword" time="10.811" classname="example.NewTest"/>
  <testcase name="invokebrowser" time="12.811" classname="example.NewTest"/>
  <testcase name="onlinebanking" time="2.545" classname="example.NewTest"/>
  <testcase name="login" time="6.353" classname="example.NewTest"/>
</testsuite> <!-- example.NewTest -->
