<?xml version="1.0" encoding="UTF-8"?>
<!-- Generated by org.testng.reporters.JUnitReportReporter -->
<testsuite hostname="A2ML22163" name="example.NewTest" tests="3" failures="0" timestamp="10 Oct 2018 07:18:14 GMT" time="20.017" errors="0">
  <testcase name="navigatebackword" time="0.746" classname="example.NewTest"/>
  <testcase name="login" time="3.289" classname="example.NewTest"/>
  <testcase name="testEasy" time="15.982" classname="example.NewTest"/>
</testsuite> <!-- example.NewTest -->
