<?xml version="1.0" encoding="UTF-8"?>
<!-- Generated by org.testng.reporters.JUnitReportReporter -->
<testsuite hostname="A2ML22163" name="example.TestngAnnotation" tests="1" failures="0" timestamp="10 Oct 2018 07:33:13 GMT" time="0.002" errors="0">
  <testcase name="testCase1" time="0.002" classname="example.TestngAnnotation"/>
</testsuite> <!-- example.TestngAnnotation -->
