<?xml version="1.0" encoding="UTF-8"?>
<!-- Generated by org.testng.reporters.JUnitReportReporter -->
<testsuite hostname="A2ML22163" name="example.NewTest" tests="5" failures="0" timestamp="19 Oct 2018 04:53:27 GMT" time="35.229" errors="0">
  <testcase name="transferfunds" time="2.741" classname="example.NewTest"/>
  <testcase name="navigatebackword" time="10.706" classname="example.NewTest"/>
  <testcase name="invokebrowser" time="15.882" classname="example.NewTest"/>
  <testcase name="onlinebanking" time="2.599" classname="example.NewTest"/>
  <testcase name="login" time="3.301" classname="example.NewTest"/>
</testsuite> <!-- example.NewTest -->
