<?xml version="1.0" encoding="UTF-8"?>
<!-- Generated by org.testng.reporters.JUnitReportReporter -->
<testsuite hostname="A2ML22163" name="example.NewTest" tests="5" failures="0" timestamp="21 Feb 2019 12:31:38 GMT" time="41.672" errors="0">
  <testcase name="transferfunds" time="3.205" classname="example.NewTest"/>
  <testcase name="invokebrowser" time="16.712" classname="example.NewTest"/>
  <testcase name="login" time="4.205" classname="example.NewTest"/>
  <testcase name="onlinebanking" time="5.846" classname="example.NewTest"/>
  <testcase name="navigatebackword" time="11.704" classname="example.NewTest"/>
</testsuite> <!-- example.NewTest -->
