<?xml version="1.0" encoding="UTF-8"?>
<!-- Generated by org.testng.reporters.JUnitReportReporter -->
<testsuite hostname="A2ML22163" name="example.NewTest" tests="5" failures="0" timestamp="10 Oct 2018 10:07:48 GMT" time="25.461" errors="0">
  <testcase name="transferfunds" time="2.266" classname="example.NewTest"/>
  <testcase name="invokebrowser" time="17.449" classname="example.NewTest"/>
  <testcase name="navigatebackword" time="0.682" classname="example.NewTest"/>
  <testcase name="login" time="3.535" classname="example.NewTest"/>
  <testcase name="onlinebanking" time="1.529" classname="example.NewTest"/>
</testsuite> <!-- example.NewTest -->
