<?xml version="1.0" encoding="UTF-8"?>
<!-- Generated by org.testng.reporters.JUnitReportReporter -->
<testsuite hostname="A2ML22163" name="example.NewTest" tests="5" failures="0" timestamp="6 Mar 2019 06:02:54 GMT" time="36.490" errors="0">
  <testcase name="transferfunds" time="2.402" classname="example.NewTest"/>
  <testcase name="onlinebanking" time="2.461" classname="example.NewTest"/>
  <testcase name="navigatebackword" time="11.225" classname="example.NewTest"/>
  <testcase name="login" time="4.663" classname="example.NewTest"/>
  <testcase name="invokebrowser" time="15.739" classname="example.NewTest"/>
</testsuite> <!-- example.NewTest -->
