<?xml version="1.0" encoding="UTF-8"?>
<!-- Generated by org.testng.reporters.JUnitReportReporter -->
<testsuite hostname="A2ML22163" name="example.NewTest" tests="5" failures="0" timestamp="5 Mar 2019 12:51:49 GMT" time="52.677" errors="0">
  <testcase name="transferfunds" time="17.393" classname="example.NewTest"/>
  <testcase name="onlinebanking" time="6.998" classname="example.NewTest"/>
  <testcase name="navigatebackword" time="10.784" classname="example.NewTest"/>
  <testcase name="login" time="4.842" classname="example.NewTest"/>
  <testcase name="invokebrowser" time="12.660" classname="example.NewTest"/>
</testsuite> <!-- example.NewTest -->
