<?xml version="1.0" encoding="UTF-8"?>
<!-- Generated by org.testng.reporters.JUnitReportReporter -->
<testsuite hostname="A2ML22163" name="example.NewTest" tests="5" failures="0" timestamp="23 Oct 2018 10:33:21 GMT" time="48.769" errors="0">
  <testcase name="transferfunds" time="9.125" classname="example.NewTest"/>
  <testcase name="navigatebackword" time="10.751" classname="example.NewTest"/>
  <testcase name="invokebrowser" time="19.832" classname="example.NewTest"/>
  <testcase name="onlinebanking" time="2.501" classname="example.NewTest"/>
  <testcase name="login" time="6.560" classname="example.NewTest"/>
</testsuite> <!-- example.NewTest -->
