<?xml version="1.0" encoding="UTF-8"?>
<!-- Generated by org.testng.reporters.JUnitReportReporter -->
<testsuite hostname="A2ML22163" name="example.NewTest" tests="5" failures="0" timestamp="6 Mar 2019 09:08:39 GMT" time="36.655" errors="0">
  <testcase name="transferfunds" time="2.726" classname="example.NewTest"/>
  <testcase name="onlinebanking" time="3.147" classname="example.NewTest"/>
  <testcase name="navigatebackword" time="11.027" classname="example.NewTest"/>
  <testcase name="login" time="4.288" classname="example.NewTest"/>
  <testcase name="invokebrowser" time="15.467" classname="example.NewTest"/>
</testsuite> <!-- example.NewTest -->
