<?xml version="1.0" encoding="UTF-8"?>
<!-- Generated by org.testng.reporters.JUnitReportReporter -->
<testsuite hostname="A2ML22163" name="example.NewTest" tests="5" failures="0" timestamp="7 Mar 2019 04:36:25 GMT" time="62.290" errors="0">
  <testcase name="transferfunds" time="17.548" classname="example.NewTest"/>
  <testcase name="onlinebanking" time="6.846" classname="example.NewTest"/>
  <testcase name="navigatebackword" time="11.064" classname="example.NewTest"/>
  <testcase name="login" time="14.473" classname="example.NewTest"/>
  <testcase name="invokebrowser" time="12.359" classname="example.NewTest"/>
</testsuite> <!-- example.NewTest -->
