<?xml version="1.0" encoding="UTF-8"?>
<!-- Generated by org.testng.reporters.JUnitReportReporter -->
<testsuite hostname="A2ML22163" name="example.NewTest" tests="5" failures="0" timestamp="10 Oct 2018 07:33:13 GMT" time="22.225" errors="0">
  <testcase name="navigatebackword" time="0.657" classname="example.NewTest"/>
  <testcase name="onlinebanking" time="1.130" classname="example.NewTest"/>
  <testcase name="transferfunds" time="2.441" classname="example.NewTest"/>
  <testcase name="login" time="2.333" classname="example.NewTest"/>
  <testcase name="testEasy" time="15.664" classname="example.NewTest"/>
</testsuite> <!-- example.NewTest -->
